2020-06-12T13:37:02.913Z - info: [ui] [AppStore] loading 0 repositories from store
2020-06-12T13:37:03.127Z - info: [ui] [Welcome] no sign in step found. ignoring...
2020-06-12T13:37:03.130Z - info: [ui] [Welcome] no sign in step found. ignoring...
2020-06-12T13:37:03.232Z - info: [ui] Opt in reported.
2020-06-12T13:37:03.475Z - info: [ui] launching: 2.5.2 (Mac OS 10.15.3)
2020-06-12T13:37:03.475Z - info: [ui] execPath: '/Applications/GitHub Desktop.app/Contents/Frameworks/GitHub Desktop Helper (Renderer).app/Contents/MacOS/GitHub Desktop Helper (Renderer)'
2020-06-12T13:37:03.478Z - info: [ui] [Welcome] no sign in step found. ignoring...
2020-06-12T13:37:03.489Z - info: [ui] [Welcome] no sign in step found. ignoring...
2020-06-12T13:37:03.503Z - info: [ui] [Welcome] no sign in step found. ignoring...
2020-06-12T13:37:04.602Z - info: [ui] [Welcome] advancing to step: SignInToDotComWithBrowser
2020-06-12T13:37:04.603Z - info: [ui] [SignInStore] initializing OAuth flow
2020-06-12T13:37:04.604Z - info: [main] opening in browser: https://github.com/login/oauth/authorize?client_id=de0e3c7e9973e1c4dd77&scope=repo%20user%20workflow&state=052d6b9c-f801-41ae-8a36-6a32885d3c3c
2020-06-12T13:37:04.604Z - info: [ui] [Welcome] current sign in state not found. ignoring...
2020-06-12T13:37:04.731Z - info: [ui] [Welcome] kind Authentication is the same as Authentication. ignoring...
2020-06-12T13:37:12.046Z - info: [ui] [Welcome] kind Authentication is the same as Authentication. ignoring...
2020-06-12T13:37:16.633Z - info: [ui] [Welcome] advancing to step: Start
2020-06-12T13:37:20.433Z - info: [ui] [Welcome] advancing to step: SignInToDotCom
2020-06-12T13:37:20.441Z - info: [ui] [Welcome] kind Authentication is the same as Authentication. ignoring...
2020-06-12T13:37:23.170Z - info: [ui] [Welcome] advancing to step: Start
2020-06-12T13:37:23.791Z - info: [ui] [Welcome] advancing to step: SignInToDotComWithBrowser
2020-06-12T13:37:23.792Z - info: [ui] [SignInStore] initializing OAuth flow
2020-06-12T13:37:23.792Z - info: [main] opening in browser: https://github.com/login/oauth/authorize?client_id=de0e3c7e9973e1c4dd77&scope=repo%20user%20workflow&state=8a11f315-0917-4dab-999a-cda92f2455e1
2020-06-12T13:37:23.793Z - info: [ui] [Welcome] kind Authentication is the same as Authentication. ignoring...
2020-06-12T13:37:23.915Z - info: [ui] [Welcome] kind Authentication is the same as Authentication. ignoring...
2020-06-12T13:37:30.709Z - info: [ui] [Welcome] kind Authentication is the same as Authentication. ignoring...
2020-06-12T13:37:43.322Z - info: [ui] [Welcome] kind Authentication is the same as Authentication. ignoring...
2020-06-12T13:37:46.534Z - info: [ui] [Welcome] kind Authentication is the same as Authentication. ignoring...
2020-06-12T13:37:48.682Z - info: [ui] [Welcome] advancing to step: Start
2020-06-12T13:37:49.385Z - info: [ui] [Welcome] advancing to step: SignInToDotComWithBrowser
2020-06-12T13:37:49.389Z - info: [ui] [SignInStore] initializing OAuth flow
2020-06-12T13:37:49.389Z - info: [main] opening in browser: https://github.com/login/oauth/authorize?client_id=de0e3c7e9973e1c4dd77&scope=repo%20user%20workflow&state=4ff9e62c-94b6-485f-9602-304063168513
2020-06-12T13:37:49.390Z - info: [ui] [Welcome] kind Authentication is the same as Authentication. ignoring...
2020-06-12T13:37:49.503Z - info: [ui] [Welcome] kind Authentication is the same as Authentication. ignoring...
2020-06-12T13:37:52.722Z - info: [ui] [Welcome] kind Authentication is the same as Authentication. ignoring...
2020-06-12T13:37:55.590Z - info: [main] Processing protocol url
2020-06-12T13:37:55.599Z - info: [ui] [Dispatcher] requesting authenticated user
2020-06-12T13:37:55.601Z - info: [ui] [Welcome] kind Authentication is the same as Authentication. ignoring...
2020-06-12T13:37:55.792Z - info: [ui] [Welcome] kind Authentication is the same as Authentication. ignoring...
2020-06-12T13:37:56.389Z - info: [ui] [SignInStore] account resolved
2020-06-12T13:37:56.390Z - info: [ui] [AppStore] adding account debalti (debalti) to store
2020-06-12T13:37:56.403Z - info: [ui] [Welcome] advancing to step: ConfigureGit
2020-06-12T13:37:56.487Z - info: [ui] [Welcome] no sign in step found. ignoring...
2020-06-12T13:37:56.730Z - info: [ui] [Welcome] no sign in step found. ignoring...
2020-06-12T13:38:06.512Z - info: [ui] [Welcome] advancing to step: UsageOptOut
2020-06-12T13:38:09.474Z - info: [ui] Opt out reported.
