2020-06-26T13:03:24.348Z - info: [ui] [AppStore] loading 2 repositories from store
2020-06-26T13:03:24.349Z - info: [ui] [AppStore] found account: manufigu (Manuel Figueiredo)
2020-06-26T13:03:24.722Z - info: [ui] launching: 2.5.2 (Windows 10.0.19041)
2020-06-26T13:03:24.722Z - info: [ui] execPath: 'C:\Users\manuf\AppData\Local\GitHubDesktop\app-2.5.2\GitHubDesktop.exe'
2020-06-26T13:03:25.140Z - info: [ui] Stats reported.
2020-06-26T13:03:33.603Z - info: [ui] Executing fetch: git -c credential.helper= -c protocol.version=2 fetch --progress --prune origin (took 1.533s)
2020-06-26T13:04:26.831Z - info: [ui] [Timing] Action 'create commit' for 'manufigu/5is18b-M143_JMS' took 0.718s
2020-06-26T13:04:27.481Z - info: [ui] [AppStore.withAuthenticatingUser] account found for repository: 5is18b-M143_JMS - manufigu (has token)
2020-06-26T13:04:31.491Z - info: [ui] Executing push: git -c credential.helper= -c protocol.version=2 push origin master:master --progress (took 3.959s)
2020-06-26T13:04:32.662Z - info: [ui] Executing fetch: git -c credential.helper= -c protocol.version=2 fetch --progress --prune origin (took 1.134s)
2020-06-26T13:04:33.629Z - info: [ui] [AppStore.withAuthenticatingUser] account found for repository: 5is18b-M143_JMS - manufigu (has token)
2020-06-26T13:04:34.802Z - info: [ui] Executing fetch: git -c credential.helper= -c protocol.version=2 fetch --progress --prune origin (took 1.131s)
2020-06-26T13:05:24.917Z - info: [ui] [AppStore.withAuthenticatingUser] account found for repository: 5is18b-ManuelFigueiredo - manufigu (has token)
2020-06-26T13:05:26.117Z - info: [ui] Executing fetch: git -c credential.helper= -c protocol.version=2 fetch --progress --prune origin (took 1.152s)
2020-06-26T13:05:26.844Z - info: [ui] Background fetch for 2 repositories took 2.430sec
2020-06-26T13:12:07.533Z - info: [ui] [AppStore.withAuthenticatingUser] account found for repository: 5is18b-M143_JMS - manufigu (has token)
2020-06-26T13:12:08.771Z - info: [ui] Executing fetch: git -c credential.helper= -c protocol.version=2 fetch --progress --prune origin (took 1.195s)
2020-06-26T13:12:10.197Z - info: [ui] [AppStore.withAuthenticatingUser] account found for repository: 5is18b-M143_JMS - manufigu (has token)
2020-06-26T13:12:11.496Z - info: [ui] Executing pull: git -c credential.helper= -c protocol.version=2 pull --progress origin (took 1.216s)
2020-06-26T13:12:45.563Z - info: [ui] [Timing] Action 'create commit' for 'manufigu/5is18b-M143_JMS' took 0.927s
2020-06-26T13:12:48.173Z - info: [ui] [AppStore.withAuthenticatingUser] account found for repository: 5is18b-M143_JMS - manufigu (has token)
2020-06-26T13:12:52.070Z - info: [ui] Executing push: git -c credential.helper= -c protocol.version=2 push origin master:master --progress (took 3.853s)
2020-06-26T13:12:53.201Z - info: [ui] Executing fetch: git -c credential.helper= -c protocol.version=2 fetch --progress --prune origin (took 1.094s)
2020-06-26T13:12:59.633Z - info: [ui] [AppStore.withAuthenticatingUser] account found for repository: 5is18b-M143_JMS - manufigu (has token)
2020-06-26T13:13:00.809Z - info: [ui] Executing fetch: git -c credential.helper= -c protocol.version=2 fetch --progress --prune origin (took 1.134s)
2020-06-26T13:13:21.899Z - info: [ui] [AppStore.withAuthenticatingUser] account found for repository: 5is18b-M143_JMS - manufigu (has token)
2020-06-26T13:13:23.038Z - info: [ui] Executing fetch: git -c credential.helper= -c protocol.version=2 fetch --progress --prune origin (took 1.095s)
2020-06-26T13:16:49.175Z - info: [ui] [AppStore.withAuthenticatingUser] account found for repository: 5is18b-M143_JMS - manufigu (has token)
2020-06-26T13:16:50.603Z - info: [ui] Executing fetch: git -c credential.helper= -c protocol.version=2 fetch --progress --prune origin (took 1.385s)
2020-06-26T13:16:51.792Z - info: [ui] [AppStore.withAuthenticatingUser] account found for repository: 5is18b-M143_JMS - manufigu (has token)
2020-06-26T13:16:53.129Z - info: [ui] Executing pull: git -c credential.helper= -c protocol.version=2 pull --progress origin (took 1.255s)
2020-06-26T13:17:56.048Z - info: [ui] [Timing] Action 'create commit' for 'manufigu/5is18b-M143_JMS' took 0.547s
2020-06-26T13:17:57.668Z - info: [ui] [AppStore.withAuthenticatingUser] account found for repository: 5is18b-M143_JMS - manufigu (has token)
2020-06-26T13:18:01.585Z - info: [ui] Executing push: git -c credential.helper= -c protocol.version=2 push origin master:master --progress (took 3.872s)
2020-06-26T13:18:02.932Z - info: [ui] Executing fetch: git -c credential.helper= -c protocol.version=2 fetch --progress --prune origin (took 1.307s)
2020-06-26T13:18:47.972Z - info: [ui] [AppStore.withAuthenticatingUser] account found for repository: 5is18b-M143_JMS - manufigu (has token)
2020-06-26T13:18:49.121Z - info: [ui] Executing fetch: git -c credential.helper= -c protocol.version=2 fetch --progress --prune origin (took 1.107s)
2020-06-26T13:18:52.058Z - info: [ui] [AppStore.withAuthenticatingUser] account found for repository: 5is18b-M143_JMS - manufigu (has token)
2020-06-26T13:18:53.202Z - info: [ui] Executing fetch: git -c credential.helper= -c protocol.version=2 fetch --progress --prune origin (took 1.103s)
2020-06-26T13:19:17.919Z - info: [ui] [AppStore.withAuthenticatingUser] account found for repository: 5is18b-M143_JMS - manufigu (has token)
2020-06-26T13:19:19.065Z - info: [ui] Executing fetch: git -c credential.helper= -c protocol.version=2 fetch --progress --prune origin (took 1.096s)
2020-06-26T13:19:20.371Z - info: [ui] [AppStore.withAuthenticatingUser] account found for repository: 5is18b-M143_JMS - manufigu (has token)
2020-06-26T13:19:21.533Z - info: [ui] Executing fetch: git -c credential.helper= -c protocol.version=2 fetch --progress --prune origin (took 1.118s)
2020-06-26T13:19:22.378Z - info: [ui] [AppStore.withAuthenticatingUser] account found for repository: 5is18b-M143_JMS - manufigu (has token)
2020-06-26T13:19:23.582Z - info: [ui] Executing pull: git -c credential.helper= -c protocol.version=2 pull --progress origin (took 1.129s)
2020-06-26T13:19:30.112Z - info: [ui] [AppStore.withAuthenticatingUser] account found for repository: 5is18b-M143_JMS - manufigu (has token)
2020-06-26T13:19:31.243Z - info: [ui] Executing fetch: git -c credential.helper= -c protocol.version=2 fetch --progress --prune origin (took 1.091s)
2020-06-26T13:19:32.137Z - info: [ui] [AppStore.withAuthenticatingUser] account found for repository: 5is18b-M143_JMS - manufigu (has token)
2020-06-26T13:19:33.319Z - info: [ui] Executing fetch: git -c credential.helper= -c protocol.version=2 fetch --progress --prune origin (took 1.138s)
2020-06-26T13:19:33.957Z - info: [ui] [AppStore.withAuthenticatingUser] account found for repository: 5is18b-M143_JMS - manufigu (has token)
2020-06-26T13:19:35.086Z - info: [ui] Executing fetch: git -c credential.helper= -c protocol.version=2 fetch --progress --prune origin (took 1.088s)
2020-06-26T13:19:35.800Z - info: [ui] [AppStore.withAuthenticatingUser] account found for repository: 5is18b-M143_JMS - manufigu (has token)
2020-06-26T13:19:36.929Z - info: [ui] Executing fetch: git -c credential.helper= -c protocol.version=2 fetch --progress --prune origin (took 1.091s)
2020-06-26T13:19:37.487Z - info: [ui] [AppStore.withAuthenticatingUser] account found for repository: 5is18b-M143_JMS - manufigu (has token)
2020-06-26T13:19:38.619Z - info: [ui] Executing fetch: git -c credential.helper= -c protocol.version=2 fetch --progress --prune origin (took 1.091s)
2020-06-26T13:19:39.245Z - info: [ui] [AppStore.withAuthenticatingUser] account found for repository: 5is18b-M143_JMS - manufigu (has token)
2020-06-26T13:19:40.385Z - info: [ui] Executing fetch: git -c credential.helper= -c protocol.version=2 fetch --progress --prune origin (took 1.095s)
2020-06-26T13:19:41.035Z - info: [ui] [AppStore.withAuthenticatingUser] account found for repository: 5is18b-M143_JMS - manufigu (has token)
2020-06-26T13:19:42.153Z - info: [ui] Executing fetch: git -c credential.helper= -c protocol.version=2 fetch --progress --prune origin (took 1.075s)
2020-06-26T13:19:43.473Z - info: [ui] [AppStore.withAuthenticatingUser] account found for repository: 5is18b-M143_JMS - manufigu (has token)
2020-06-26T13:19:44.689Z - info: [ui] Executing fetch: git -c credential.helper= -c protocol.version=2 fetch --progress --prune origin (took 1.174s)
2020-06-26T13:19:46.634Z - info: [ui] [AppStore.withAuthenticatingUser] account found for repository: 5is18b-M143_JMS - manufigu (has token)
2020-06-26T13:19:47.858Z - info: [ui] Executing pull: git -c credential.helper= -c protocol.version=2 pull --progress origin (took 1.151s)
2020-06-26T13:19:56.315Z - info: [ui] [AppStore.withAuthenticatingUser] account found for repository: 5is18b-M143_JMS - manufigu (has token)
2020-06-26T13:19:57.454Z - info: [ui] Executing fetch: git -c credential.helper= -c protocol.version=2 fetch --progress --prune origin (took 1.097s)
2020-06-26T13:19:58.284Z - info: [ui] [AppStore.withAuthenticatingUser] account found for repository: 5is18b-M143_JMS - manufigu (has token)
2020-06-26T13:19:59.453Z - info: [ui] Executing fetch: git -c credential.helper= -c protocol.version=2 fetch --progress --prune origin (took 1.129s)
2020-06-26T13:20:00.050Z - info: [ui] [AppStore.withAuthenticatingUser] account found for repository: 5is18b-M143_JMS - manufigu (has token)
2020-06-26T13:20:01.373Z - info: [ui] Executing fetch: git -c credential.helper= -c protocol.version=2 fetch --progress --prune origin (took 1.283s)
2020-06-26T13:20:02.064Z - info: [ui] [AppStore.withAuthenticatingUser] account found for repository: 5is18b-M143_JMS - manufigu (has token)
2020-06-26T13:20:03.376Z - info: [ui] Executing fetch: git -c credential.helper= -c protocol.version=2 fetch --progress --prune origin (took 1.273s)
2020-06-26T13:20:03.854Z - info: [ui] [AppStore.withAuthenticatingUser] account found for repository: 5is18b-M143_JMS - manufigu (has token)
2020-06-26T13:20:05.070Z - info: [ui] Executing fetch: git -c credential.helper= -c protocol.version=2 fetch --progress --prune origin (took 1.178s)
2020-06-26T13:20:05.683Z - info: [ui] [AppStore.withAuthenticatingUser] account found for repository: 5is18b-M143_JMS - manufigu (has token)
2020-06-26T13:20:06.832Z - info: [ui] Executing fetch: git -c credential.helper= -c protocol.version=2 fetch --progress --prune origin (took 1.108s)
2020-06-26T13:20:07.323Z - info: [ui] [AppStore.withAuthenticatingUser] account found for repository: 5is18b-M143_JMS - manufigu (has token)
2020-06-26T13:20:08.639Z - info: [ui] Executing fetch: git -c credential.helper= -c protocol.version=2 fetch --progress --prune origin (took 1.273s)
2020-06-26T13:20:09.158Z - info: [ui] [AppStore.withAuthenticatingUser] account found for repository: 5is18b-M143_JMS - manufigu (has token)
2020-06-26T13:20:10.390Z - info: [ui] Executing fetch: git -c credential.helper= -c protocol.version=2 fetch --progress --prune origin (took 1.193s)
2020-06-26T13:20:10.728Z - info: [ui] [AppStore.withAuthenticatingUser] account found for repository: 5is18b-M143_JMS - manufigu (has token)
2020-06-26T13:20:11.949Z - info: [ui] Executing pull: git -c credential.helper= -c protocol.version=2 pull --progress origin (took 1.144s)
2020-06-26T13:20:27.399Z - info: [ui] Background fetch for 2 repositories took 0.548sec
2020-06-26T13:21:46.546Z - info: [ui] [Timing] Action 'create commit' for 'manufigu/5is18b-M143_JMS' took 0.522s
2020-06-26T13:21:47.148Z - info: [ui] [AppStore.withAuthenticatingUser] account found for repository: 5is18b-M143_JMS - manufigu (has token)
2020-06-26T13:21:51.069Z - info: [ui] Executing push: git -c credential.helper= -c protocol.version=2 push origin master:master --progress (took 3.881s)
2020-06-26T13:21:52.227Z - info: [ui] Executing fetch: git -c credential.helper= -c protocol.version=2 fetch --progress --prune origin (took 1.116s)
2020-06-26T13:22:19.992Z - info: [ui] [AppStore.withAuthenticatingUser] account found for repository: 5is18b-M143_JMS - manufigu (has token)
2020-06-26T13:22:21.171Z - info: [ui] Executing fetch: git -c credential.helper= -c protocol.version=2 fetch --progress --prune origin (took 1.141s)
2020-06-26T13:22:21.977Z - info: [ui] [AppStore.withAuthenticatingUser] account found for repository: 5is18b-M143_JMS - manufigu (has token)
2020-06-26T13:22:23.132Z - info: [ui] Executing fetch: git -c credential.helper= -c protocol.version=2 fetch --progress --prune origin (took 1.114s)
2020-06-26T13:22:23.804Z - info: [ui] [AppStore.withAuthenticatingUser] account found for repository: 5is18b-M143_JMS - manufigu (has token)
2020-06-26T13:22:24.970Z - info: [ui] Executing fetch: git -c credential.helper= -c protocol.version=2 fetch --progress --prune origin (took 1.122s)
2020-06-26T13:22:25.804Z - info: [ui] [AppStore.withAuthenticatingUser] account found for repository: 5is18b-M143_JMS - manufigu (has token)
2020-06-26T13:22:26.937Z - info: [ui] Executing fetch: git -c credential.helper= -c protocol.version=2 fetch --progress --prune origin (took 1.093s)
2020-06-26T13:22:27.491Z - info: [ui] [AppStore.withAuthenticatingUser] account found for repository: 5is18b-M143_JMS - manufigu (has token)
2020-06-26T13:22:28.653Z - info: [ui] Executing fetch: git -c credential.helper= -c protocol.version=2 fetch --progress --prune origin (took 1.116s)
2020-06-26T13:22:32.366Z - info: [ui] [AppStore.withAuthenticatingUser] account found for repository: 5is18b-M143_JMS - manufigu (has token)
2020-06-26T13:22:33.625Z - info: [ui] Executing fetch: git -c credential.helper= -c protocol.version=2 fetch --progress --prune origin (took 1.217s)
2020-06-26T13:22:40.452Z - info: [ui] [AppStore.withAuthenticatingUser] account found for repository: 5is18b-M143_JMS - manufigu (has token)
2020-06-26T13:22:41.722Z - info: [ui] Executing fetch: git -c credential.helper= -c protocol.version=2 fetch --progress --prune origin (took 1.229s)
2020-06-26T13:22:46.150Z - info: [ui] [AppStore.withAuthenticatingUser] account found for repository: 5is18b-M143_JMS - manufigu (has token)
2020-06-26T13:22:47.399Z - info: [ui] Executing pull: git -c credential.helper= -c protocol.version=2 pull --progress origin (took 1.172s)
2020-06-26T13:24:06.583Z - info: [ui] [Timing] Action 'create commit' for 'manufigu/5is18b-M143_JMS' took 0.538s
2020-06-26T13:24:07.240Z - info: [ui] [AppStore.withAuthenticatingUser] account found for repository: 5is18b-M143_JMS - manufigu (has token)
2020-06-26T13:24:11.474Z - info: [ui] Executing push: git -c credential.helper= -c protocol.version=2 push origin master:master --progress (took 4.188s)
2020-06-26T13:24:12.608Z - info: [ui] Executing fetch: git -c credential.helper= -c protocol.version=2 fetch --progress --prune origin (took 1.095s)
2020-06-26T13:24:15.358Z - info: [ui] [AppStore.withAuthenticatingUser] account found for repository: 5is18b-M143_JMS - manufigu (has token)
2020-06-26T13:24:16.533Z - info: [ui] Executing fetch: git -c credential.helper= -c protocol.version=2 fetch --progress --prune origin (took 1.132s)
